SF:lib/networking/models/base_response.dart
DA:6,1
DA:10,1
DA:12,1
DA:13,2
DA:16,0
LF:5
LH:4
end_of_record
SF:lib/networking/models/main_missions.dart
DA:15,1
DA:19,0
LF:2
LH:1
end_of_record
SF:lib/networking/models/main_missions.g.dart
DA:9,2
DA:10,1
DA:11,0
DA:12,0
DA:13,0
LF:5
LH:2
end_of_record
SF:lib/repositories/main_missions/network_main_missions_repository.dart
DA:12,0
DA:16,0
DA:18,0
DA:19,0
DA:20,0
LF:5
LH:0
end_of_record
SF:lib/networking/models/ingredient.dart
DA:16,0
DA:22,0
LF:2
LH:0
end_of_record
SF:lib/networking/models/ingredient.g.dart
DA:9,0
DA:10,0
DA:11,0
DA:12,0
LF:4
LH:0
end_of_record
SF:lib/networking/models/level.dart
DA:15,0
DA:19,0
LF:2
LH:0
end_of_record
SF:lib/networking/models/level.g.dart
DA:9,0
DA:10,0
DA:11,0
DA:12,0
LF:4
LH:0
end_of_record
SF:lib/networking/models/mission.dart
DA:27,0
DA:40,0
LF:2
LH:0
end_of_record
SF:lib/networking/models/mission.g.dart
DA:9,0
DA:10,0
DA:11,0
DA:12,0
DA:13,0
DA:14,0
DA:15,0
DA:16,0
DA:17,0
DA:18,0
DA:19,0
DA:20,0
DA:21,0
DA:22,0
DA:24,0
DA:25,0
DA:26,0
DA:27,0
DA:28,0
LF:19
LH:0
end_of_record
SF:lib/networking/models/player.dart
DA:19,0
DA:26,0
LF:2
LH:0
end_of_record
SF:lib/networking/models/player.g.dart
DA:9,0
DA:10,0
DA:12,0
DA:13,0
DA:14,0
DA:15,0
DA:17,0
DA:18,0
DA:19,0
LF:9
LH:0
end_of_record
SF:lib/networking/models/step_networking.dart
DA:14,0
DA:18,0
LF:2
LH:0
end_of_record
SF:lib/networking/models/step_networking.g.dart
DA:9,0
DA:10,0
DA:11,0
LF:3
LH:0
end_of_record
SF:lib/networking/models/user_networking.dart
DA:18,0
DA:26,0
LF:2
LH:0
end_of_record
SF:lib/networking/models/user_networking.g.dart
DA:9,0
DA:10,0
DA:11,0
DA:12,0
DA:13,0
DA:14,0
DA:15,0
LF:7
LH:0
end_of_record
SF:lib/networking/endpoints.dart
DA:2,0
DA:3,0
DA:4,0
DA:5,0
DA:7,0
LF:5
LH:0
end_of_record
SF:lib/networking/models/current_mission.dart
DA:15,0
DA:20,0
LF:2
LH:0
end_of_record
SF:lib/networking/models/current_mission.g.dart
DA:9,0
DA:10,0
DA:11,0
DA:12,0
LF:4
LH:0
end_of_record
SF:lib/networking/models/questionnaire.dart
DA:15,0
DA:19,0
LF:2
LH:0
end_of_record
SF:lib/networking/models/questionnaire.g.dart
DA:9,0
DA:10,0
DA:11,0
DA:12,0
DA:13,0
LF:5
LH:0
end_of_record
SF:lib/extensions/list_extensions.dart
DA:2,1
DA:5,1
DA:7,2
DA:10,3
DA:14,2
LF:5
LH:5
end_of_record
SF:lib/extensions/string_extension.dart
DA:2,3
DA:6,2
DA:8,2
DA:10,1
LF:4
LH:4
end_of_record
